<?xml version="1.0" encoding="UTF-8"?>
<!-- Generated by org.testng.reporters.JUnitReportReporter -->
<testsuite hostname="DESKTOP-1UR5ED5" failures="0" tests="5" name="com.codilitytestcases.arrpage.ARRTestCases" time="13.133" errors="0" timestamp="2024-09-03T19:22:07 IST" skipped="0">
  <testcase classname="com.codilitytestcases.arrpage.ARRTestCases" name="testSearchReturnsAtLeastOneIslandTestCase3" time="3.349"/>
  <system-out/>
  <testcase classname="com.codilitytestcases.arrpage.ARRTestCases" name="testSearchWithEmptyQueryTestCase2" time="2.344"/>
  <system-out/>
  <testcase classname="com.codilitytestcases.arrpage.ARRTestCases" name="testSearchReturnsCorrectResultForPortTestCase5" time="2.592"/>
  <system-out/>
  <testcase classname="com.codilitytestcases.arrpage.ARRTestCases" name="testNoResultsFeedbackTestCase4" time="2.478"/>
  <system-out/>
  <testcase classname="com.codilitytestcases.arrpage.ARRTestCases" name="testQueryInputAndSubmitButtonPresenceTestCase1" time="2.370"/>
  <system-out/>
</testsuite> <!-- com.codilitytestcases.arrpage.ARRTestCases -->
